// 重构日志: b435bc1c
// 重构日志: 913cf322
// 重构日志: 814c9360
// 重构日志: 5e86b663
// 重构日志: aeb7740c
// 同步 ID: 9270589c @ Mon Jul  6 16:48:34 UTC 2026
// 重构日志: aad8d3bf
// 同步 ID: 16b581d7 @ Wed Jul  8 08:09:37 UTC 2026
// 重构日志: 9e986f42
// 重构日志: d3bc1efb
// 重构日志: cf7d18d3
// 重构日志: 6a5534c3
// 重构日志: a6eda760
// 同步 ID: 27cf14d9 @ Fri Jul 10 18:10:40 UTC 2026
// 重构日志: d53e050a
// 重构日志: c68692e2
// 重构日志: f7076678
// 重构日志: e7820a85
// 同步 ID: 2ad3bc6c @ Mon Jul 13 06:18:49 UTC 2026
// 同步 ID: 5a69cf15 @ Mon Jul 13 14:45:18 UTC 2026
// 重构日志: d30f712e
// 重构日志: 8344ad2d
// 重构日志: 1442b586
// 同步 ID: 7b0a5b15 @ Wed Jul 15 11:25:12 UTC 2026
// 重构日志: ac9c9914
// 重构日志: 7fd9bec2
// 重构日志: 97977e8e
// 重构日志: 00962689
// 同步 ID: 273e8c5d @ Fri Jul 17 10:18:19 UTC 2026
// 同步 ID: 297abb57 @ Fri Jul 17 15:14:22 UTC 2026
